\BOOKMARK [0][-]{chapter.1}{\376\377\000I\000n\000t\000r\000o\000d\000u\000c\000t\000i\000o\000n}{}% 1
\BOOKMARK [1][-]{section.1.1}{\376\377\000M\000o\000t\000i\000v\000a\000t\000i\000o\000n}{chapter.1}% 2
\BOOKMARK [1][-]{section.1.2}{\376\377\000A\000i\000m\000s\000\040\000a\000n\000d\000\040\000O\000b\000j\000e\000c\000t\000i\000v\000e\000s}{chapter.1}% 3
\BOOKMARK [1][-]{section.1.3}{\376\377\000T\000h\000e\000s\000i\000s\000\040\000O\000u\000t\000l\000i\000n\000e}{chapter.1}% 4
\BOOKMARK [0][-]{chapter.2}{\376\377\000T\000h\000e\000\040\000O\000r\000i\000g\000i\000n\000\040\000o\000f\000\040\000A\000l\000g\000o\000r\000i\000t\000h\000m\000s}{}% 5
\BOOKMARK [1][-]{section.2.1}{\376\377\000M\000a\000t\000e\000m\000a\000t\000i\000c\000i\000a\000n\000\040\000f\000r\000o\000m\000\040\000U\000z\000b\000e\000k\000i\000s\000t\000a\000n}{chapter.2}% 6
\BOOKMARK [1][-]{section.2.2}{\376\377\000F\000i\000r\000s\000t\000\040\000A\000l\000g\000o\000r\000i\000t\000h\000m}{chapter.2}% 7
\BOOKMARK [1][-]{section.2.3}{\376\377\000C\000o\000m\000p\000u\000t\000i\000n\000g\000\040\000m\000a\000c\000h\000i\000n\000e}{chapter.2}% 8
\BOOKMARK [0][-]{chapter.3}{\376\377\000T\000h\000e\000\040\000D\000e\000a\000t\000h\000\040\000o\000f\000\040\000M\000o\000o\000r\000e\040\031\000s\000\040\000L\000a\000w}{}% 9
\BOOKMARK [1][-]{section.3.1}{\376\377\000I\000n\000t\000r\000o\000d\000u\000c\000t\000i\000o\000n}{chapter.3}% 10
\BOOKMARK [1][-]{section.3.2}{\376\377\000A\000l\000g\000o\000r\000i\000t\000h\000m\000s\000\040\000i\000n\000\040\000B\000i\000g\000\040\000T\000e\000c\000h\000\040\000C\000o\000m\000p\000a\000n\000i\000e\000s}{chapter.3}% 11
\BOOKMARK [0][-]{chapter.4}{\376\377\000P\000r\000e\000-\000e\000x\000i\000s\000t\000i\000n\000g\000\040\000s\000o\000l\000u\000t\000i\000o\000n\000s\000\040}{}% 12
\BOOKMARK [1][-]{section.4.1}{\376\377\000I\000n\000t\000r\000o\000d\000u\000c\000t\000i\000o\000n}{chapter.4}% 13
\BOOKMARK [1][-]{section.4.2}{\376\377\000M\000a\000r\000k\000e\000t\000\040\000r\000e\000s\000e\000a\000r\000c\000h}{chapter.4}% 14
\BOOKMARK [2][-]{subsection.4.2.1}{\376\377\000B\000r\000i\000l\000l\000i\000a\000n\000t}{section.4.2}% 15
\BOOKMARK [2][-]{subsection.4.2.2}{\376\377\000G\000e\000e\000k\000s\000F\000o\000r\000G\000e\000e\000k\000s}{section.4.2}% 16
\BOOKMARK [2][-]{subsection.4.2.3}{\376\377\000A\000l\000g\000o\000E\000x\000p\000e\000r\000t\000\040}{section.4.2}% 17
\BOOKMARK [2][-]{subsection.4.2.4}{\376\377\000C\000P\000-\000a\000l\000g\000o\000r\000i\000t\000h\000m\000s}{section.4.2}% 18
\BOOKMARK [1][-]{section.4.3}{\376\377\000U\000l\000t\000i\000m\000a\000t\000e\000\040\000S\000o\000l\000u\000t\000i\000o\000n}{chapter.4}% 19
\BOOKMARK [0][-]{chapter.5}{\376\377\000I\000m\000p\000l\000e\000m\000e\000n\000t\000a\000t\000i\000o\000n}{}% 20
\BOOKMARK [1][-]{subsection.5.0.1}{\376\377\000T\000e\000c\000h\000\040\000S\000t\000a\000c\000k}{chapter.5}% 21
\BOOKMARK [2][-]{subsection.5.0.2}{\376\377\000W\000i\000r\000e\000f\000r\000a\000m\000e\000s}{subsection.5.0.1}% 22
\BOOKMARK [2][-]{subsection.5.0.3}{\376\377\000S\000y\000s\000t\000e\000m\000\040\000A\000r\000c\000h\000i\000t\000e\000c\000t\000u\000r\000e}{subsection.5.0.1}% 23
\BOOKMARK [0][-]{chapter.6}{\376\377\000C\000o\000n\000c\000l\000u\000s\000i\000o\000n}{}% 24
